Start testing: Oct 11 18:10 Eastern Daylight Time
----------------------------------------------------------
1/2 Testing: chancecodec_simple_add
1/2 Test: chancecodec_simple_add
Command: "I:/ChanceCode/build/chancecodec.exe" "I:/ChanceCode/tests/simple_add.ccb" "--backend" "x86" "--output" "I:/ChanceCode/build/tests/simple_add.asm"
Directory: I:/ChanceCode/build/tests
"chancecodec_simple_add" start time: Oct 11 18:10 Eastern Daylight Time
Output:
----------------------------------------------------------
<end of output>
Test time =   0.06 sec
----------------------------------------------------------
Test Passed.
"chancecodec_simple_add" end time: Oct 11 18:10 Eastern Daylight Time
"chancecodec_simple_add" time elapsed: 00:00:00
----------------------------------------------------------

2/2 Testing: chancecodec_verify_simple_add
2/2 Test: chancecodec_verify_simple_add
Command: "E:/Program Files/CMake/bin/cmake.exe" "-E" "compare_files" "I:/ChanceCode/tests/expected/simple_add.asm" "I:/ChanceCode/build/tests/simple_add.asm"
Directory: I:/ChanceCode/build/tests
"chancecodec_verify_simple_add" start time: Oct 11 18:10 Eastern Daylight Time
Output:
----------------------------------------------------------
<end of output>
Test time =   0.04 sec
----------------------------------------------------------
Test Passed.
"chancecodec_verify_simple_add" end time: Oct 11 18:10 Eastern Daylight Time
"chancecodec_verify_simple_add" time elapsed: 00:00:00
----------------------------------------------------------

End testing: Oct 11 18:10 Eastern Daylight Time
